==29873== Memcheck, a memory error detector
==29873== Copyright (C) 2002-2017, and GNU GPL'd, by Julian Seward et al.
==29873== Using Valgrind-3.15.0 and LibVEX; rerun with -h for copyright info
==29873== Command: ./a.out
==29873== 
added_pattern:	1 2 3 0 
added_pattern:	1 2 0 
added_pattern:	2 0 
added_pattern:	3 1 
added_pattern:	2 3 4 
--------------------------------
false patterns:
4 5            :	false
1 0            :	false
1 2 3          :	false
3 4            :	false
2 3 1          :	false

true patterns:
1 2 3 0        :	true
1 2 0          :	true
2 0            :	true
3 1            :	true
2 3 4          :	true
--------------------------------
text: 1 2 0 4 1 2 3 0 1 2 3 0 
{ pattern_number: 1, i: 0 }
{ pattern_number: 2, i: 1 }
{ pattern_number: 0, i: 4 }
{ pattern_number: 0, i: 8 }
==29873== 
==29873== HEAP SUMMARY:
==29873==     in use at exit: 0 bytes in 0 blocks
==29873==   total heap usage: 70 allocs, 70 frees, 84,376 bytes allocated
==29873== 
==29873== All heap blocks were freed -- no leaks are possible
==29873== 
==29873== For lists of detected and suppressed errors, rerun with: -s
==29873== ERROR SUMMARY: 0 errors from 0 contexts (suppressed: 0 from 0)
